D:\PROGRAMINGLANGUAGE\C++\MFCSOURCE\EXAM3\ZHN_EXAM3_1\ZHN_EXAM3_1\DEBUG\ZHN_EXAM3_1.PCH
D:\PROGRAMINGLANGUAGE\C++\MFCSOURCE\EXAM3\ZHN_EXAM3_1\ZHN_EXAM3_1\DEBUG\STDAFX.OBJ
D:\PROGRAMINGLANGUAGE\C++\MFCSOURCE\EXAM3\ZHN_EXAM3_1\ZHN_EXAM3_1\DEBUG\VC110.PDB
D:\PROGRAMINGLANGUAGE\C++\MFCSOURCE\EXAM3\ZHN_EXAM3_1\ZHN_EXAM3_1\DEBUG\MAINFRM.OBJ
D:\PROGRAMINGLANGUAGE\C++\MFCSOURCE\EXAM3\ZHN_EXAM3_1\ZHN_EXAM3_1\DEBUG\MANAGEROBJECT.OBJ
D:\PROGRAMINGLANGUAGE\C++\MFCSOURCE\EXAM3\ZHN_EXAM3_1\ZHN_EXAM3_1\DEBUG\MYIMAGE.OBJ
D:\PROGRAMINGLANGUAGE\C++\MFCSOURCE\EXAM3\ZHN_EXAM3_1\ZHN_EXAM3_1\DEBUG\NEWOBJECT.OBJ
D:\PROGRAMINGLANGUAGE\C++\MFCSOURCE\EXAM3\ZHN_EXAM3_1\ZHN_EXAM3_1\DEBUG\USERLISTVIEW.OBJ
D:\PROGRAMINGLANGUAGE\C++\MFCSOURCE\EXAM3\ZHN_EXAM3_1\ZHN_EXAM3_1\DEBUG\USERTREEVIEW.OBJ
D:\PROGRAMINGLANGUAGE\C++\MFCSOURCE\EXAM3\ZHN_EXAM3_1\ZHN_EXAM3_1\DEBUG\ZHN_EXAM3_1.OBJ
D:\PROGRAMINGLANGUAGE\C++\MFCSOURCE\EXAM3\ZHN_EXAM3_1\ZHN_EXAM3_1\DEBUG\ZHN_EXAM3_1DOC.OBJ
D:\PROGRAMINGLANGUAGE\C++\MFCSOURCE\EXAM3\ZHN_EXAM3_1\ZHN_EXAM3_1\DEBUG\ZHN_EXAM3_1VIEW.OBJ
D:\PROGRAMINGLANGUAGE\C++\MFCSOURCE\EXAM3\ZHN_EXAM3_1\DEBUG\ZHN_EXAM3_1.ILK
D:\PROGRAMINGLANGUAGE\C++\MFCSOURCE\EXAM3\ZHN_EXAM3_1\DEBUG\ZHN_EXAM3_1.EXE
D:\PROGRAMINGLANGUAGE\C++\MFCSOURCE\EXAM3\ZHN_EXAM3_1\DEBUG\ZHN_EXAM3_1.PDB
D:\PROGRAMINGLANGUAGE\C++\MFCSOURCE\EXAM3\ZHN_EXAM3_1\ZHN_EXAM3_1\DEBUG\ZHN_EXAM3_1.RES
D:\ProgramingLanguage\C++\MFCSource\Exam3\ZHN_EXAM3_1\ZHN_EXAM3_1\Debug\MainFrm.obj
D:\ProgramingLanguage\C++\MFCSource\Exam3\ZHN_EXAM3_1\ZHN_EXAM3_1\Debug\ManagerObject.obj
D:\ProgramingLanguage\C++\MFCSource\Exam3\ZHN_EXAM3_1\ZHN_EXAM3_1\Debug\MyImage.obj
D:\ProgramingLanguage\C++\MFCSource\Exam3\ZHN_EXAM3_1\ZHN_EXAM3_1\Debug\NewObject.obj
D:\ProgramingLanguage\C++\MFCSource\Exam3\ZHN_EXAM3_1\ZHN_EXAM3_1\Debug\stdafx.obj
D:\ProgramingLanguage\C++\MFCSource\Exam3\ZHN_EXAM3_1\ZHN_EXAM3_1\Debug\UserListView.obj
D:\ProgramingLanguage\C++\MFCSource\Exam3\ZHN_EXAM3_1\ZHN_EXAM3_1\Debug\UserTreeView.obj
D:\ProgramingLanguage\C++\MFCSource\Exam3\ZHN_EXAM3_1\ZHN_EXAM3_1\Debug\ZHN_EXAM3_1.obj
D:\ProgramingLanguage\C++\MFCSource\Exam3\ZHN_EXAM3_1\ZHN_EXAM3_1\Debug\ZHN_EXAM3_1Doc.obj
D:\ProgramingLanguage\C++\MFCSource\Exam3\ZHN_EXAM3_1\ZHN_EXAM3_1\Debug\ZHN_EXAM3_1View.obj
D:\ProgramingLanguage\C++\MFCSource\Exam3\ZHN_EXAM3_1\ZHN_EXAM3_1\Debug\cl.command.1.tlog
D:\ProgramingLanguage\C++\MFCSource\Exam3\ZHN_EXAM3_1\ZHN_EXAM3_1\Debug\CL.read.1.tlog
D:\ProgramingLanguage\C++\MFCSource\Exam3\ZHN_EXAM3_1\ZHN_EXAM3_1\Debug\CL.write.1.tlog
D:\ProgramingLanguage\C++\MFCSource\Exam3\ZHN_EXAM3_1\ZHN_EXAM3_1\Debug\link-cvtres.read.1.tlog
D:\ProgramingLanguage\C++\MFCSource\Exam3\ZHN_EXAM3_1\ZHN_EXAM3_1\Debug\link-cvtres.write.1.tlog
D:\ProgramingLanguage\C++\MFCSource\Exam3\ZHN_EXAM3_1\ZHN_EXAM3_1\Debug\link-mt.read.1.tlog
D:\ProgramingLanguage\C++\MFCSource\Exam3\ZHN_EXAM3_1\ZHN_EXAM3_1\Debug\link-mt.write.1.tlog
D:\ProgramingLanguage\C++\MFCSource\Exam3\ZHN_EXAM3_1\ZHN_EXAM3_1\Debug\link-rc.read.1.tlog
D:\ProgramingLanguage\C++\MFCSource\Exam3\ZHN_EXAM3_1\ZHN_EXAM3_1\Debug\link-rc.write.1.tlog
D:\ProgramingLanguage\C++\MFCSource\Exam3\ZHN_EXAM3_1\ZHN_EXAM3_1\Debug\link.command.1.tlog
D:\ProgramingLanguage\C++\MFCSource\Exam3\ZHN_EXAM3_1\ZHN_EXAM3_1\Debug\link.read.1.tlog
D:\ProgramingLanguage\C++\MFCSource\Exam3\ZHN_EXAM3_1\ZHN_EXAM3_1\Debug\link.write.1.tlog
D:\ProgramingLanguage\C++\MFCSource\Exam3\ZHN_EXAM3_1\ZHN_EXAM3_1\Debug\rc.command.1.tlog
D:\ProgramingLanguage\C++\MFCSource\Exam3\ZHN_EXAM3_1\ZHN_EXAM3_1\Debug\rc.read.1.tlog
D:\ProgramingLanguage\C++\MFCSource\Exam3\ZHN_EXAM3_1\ZHN_EXAM3_1\Debug\rc.write.1.tlog
D:\ProgramingLanguage\C++\MFCSource\Exam3\ZHN_EXAM3_1\ZHN_EXAM3_1\Debug\ZHN_EXAM3_1.res
D:\ProgramingLanguage\C++\MFCSource\Exam3\ZHN_EXAM3_1\ZHN_EXAM3_1\Debug\ZHN_EXAM3_1.pch
D:\ProgramingLanguage\C++\MFCSource\Exam3\ZHN_EXAM3_1\ZHN_EXAM3_1\Debug\vc110.idb
D:\ProgramingLanguage\C++\MFCSource\Exam3\ZHN_EXAM3_1\ZHN_EXAM3_1\Debug\vc110.pdb
D:\ProgramingLanguage\C++\MFCSource\Exam3\ZHN_EXAM3_1\Debug\ZHN_EXAM3_1.pdb
D:\ProgramingLanguage\C++\MFCSource\Exam3\ZHN_EXAM3_1\Debug\ZHN_EXAM3_1.exe
D:\ProgramingLanguage\C++\MFCSource\Exam3\ZHN_EXAM3_1\Debug\ZHN_EXAM3_1.ilk
