生成启动时间为 2019/12/19 15:58:32。
     1>项目“D:\ProgramingLanguage\C++\project\ZHN_EXAM2_1\ZHN_EXAM2_1\ZHN_EXAM2_1.vcxproj”在节点 2 上(Build 个目标)。
     1>ClCompile:
         D:\ProgramingLanguage\VS2012\VC\bin\CL.exe /c /ZI /nologo /W3 /WX- /sdl /Od /Oy- /D WIN32 /D _WINDOWS /D _DEBUG /D _UNICODE /D UNICODE /D _AFXDLL /Gm /EHsc /RTC1 /MDd /GS /fp:precise /Zc:wchar_t /Zc:forScope /Yu"stdafx.h" /Fp"Debug\ZHN_EXAM2_1.pch" /Fo"Debug\\" /Fd"Debug\vc110.pdb" /Gd /TP /analyze- /errorReport:prompt ZHN_EXAM2_1View.cpp
         ZHN_EXAM2_1View.cpp
     1>d:\programinglanguage\c++\project\zhn_exam2_1\zhn_exam2_1\zhn_exam2_1view.cpp(75): warning C4018: “<”: 有符号/无符号不匹配
     1>d:\programinglanguage\c++\project\zhn_exam2_1\zhn_exam2_1\zhn_exam2_1view.cpp(79): warning C4018: “<”: 有符号/无符号不匹配
     1>d:\programinglanguage\c++\project\zhn_exam2_1\zhn_exam2_1\zhn_exam2_1view.cpp(146): warning C4244: “=”: 从“double”转换到“float”，可能丢失数据
     1>d:\programinglanguage\c++\project\zhn_exam2_1\zhn_exam2_1\zhn_exam2_1view.cpp(147): warning C4244: “=”: 从“double”转换到“float”，可能丢失数据
     1>d:\programinglanguage\c++\project\zhn_exam2_1\zhn_exam2_1\zhn_exam2_1view.cpp(170): warning C4018: “<”: 有符号/无符号不匹配
       Link:
         D:\ProgramingLanguage\VS2012\VC\bin\link.exe /ERRORREPORT:PROMPT /OUT:"D:\ProgramingLanguage\C++\project\ZHN_EXAM2_1\Debug\ZHN_EXAM2_1.exe" /INCREMENTAL /NOLOGO /MANIFEST /MANIFESTUAC:"level='asInvoker' uiAccess='false'" /manifest:embed /manifestinput:D:\ProgramingLanguage\VS2012\VC\Include\Manifest\dpiaware.manifest /DEBUG /PDB:"D:\ProgramingLanguage\C++\project\ZHN_EXAM2_1\Debug\ZHN_EXAM2_1.pdb" /SUBSYSTEM:WINDOWS /TLBID:1 /ENTRY:"wWinMainCRTStartup" /DYNAMICBASE /NXCOMPAT /IMPLIB:"D:\ProgramingLanguage\C++\project\ZHN_EXAM2_1\Debug\ZHN_EXAM2_1.lib" /MACHINE:X86 Debug\ZHN_EXAM2_1.res
         Debug\MainFrm.obj
         Debug\ManagerObject.obj
         Debug\MyImage.obj
         Debug\NewObject.obj
         Debug\stdafx.obj
         Debug\ZHN_EXAM2_1.obj
         Debug\ZHN_EXAM2_1Doc.obj
         Debug\ZHN_EXAM2_1View.obj
         ZHN_EXAM2_1.vcxproj -> D:\ProgramingLanguage\C++\project\ZHN_EXAM2_1\Debug\ZHN_EXAM2_1.exe
     1>已完成生成项目“D:\ProgramingLanguage\C++\project\ZHN_EXAM2_1\ZHN_EXAM2_1\ZHN_EXAM2_1.vcxproj”(Build 个目标)的操作。

生成成功。

已用时间 00:00:01.07
